[2017-03-26 16:08:27.637] [DEBUG] otf_passport - OTF² Passport account find : [{"_id":"543fbd936fae706dd241f2ac","titre":"Mr","nom":"MASCARON","prenom":"Stephane","login":"admin","password":"otf","role":{"_id":"57601801cbb47caf29000001","code":"admin","libelle":"Administrateur"},"adresse1":"152 Wireless Road","adresse2":"","code_postal":"10330","ville":"Bangkok","telephone":"07-07-07-07-07","email":"toto@truc.fr","notes":"presque rien","__v":0,"actif":false}], session id [7h6p7NCwawpCLxqgT4Jrui551WUpHPSe]
[2017-03-26 16:08:27.639] [DEBUG] otf_passport - OTF² Passport SerializeUser  account : {"_id":"543fbd936fae706dd241f2ac","titre":"Mr","nom":"MASCARON","prenom":"Stephane","login":"admin","password":"otf","role":{"_id":"57601801cbb47caf29000001","code":"admin","libelle":"Administrateur"},"adresse1":"152 Wireless Road","adresse2":"","code_postal":"10330","ville":"Bangkok","telephone":"07-07-07-07-07","email":"toto@truc.fr","notes":"presque rien","__v":0,"actif":false}
[2017-03-26 16:08:27.667] [DEBUG] otf_passport - OTF² Passport DeserializeUser  account: {"_id":"543fbd936fae706dd241f2ac","titre":"Mr","nom":"MASCARON","prenom":"Stephane","login":"admin","password":"otf","role":{"_id":"57601801cbb47caf29000001","code":"admin","libelle":"Administrateur"},"adresse1":"152 Wireless Road","adresse2":"","code_postal":"10330","ville":"Bangkok","telephone":"07-07-07-07-07","email":"toto@truc.fr","notes":"presque rien","__v":0,"actif":false}
[2017-03-26 16:08:29.081] [DEBUG] otf_passport - OTF² Passport DeserializeUser  account: {"_id":"543fbd936fae706dd241f2ac","titre":"Mr","nom":"MASCARON","prenom":"Stephane","login":"admin","password":"otf","role":{"_id":"57601801cbb47caf29000001","code":"admin","libelle":"Administrateur"},"adresse1":"152 Wireless Road","adresse2":"","code_postal":"10330","ville":"Bangkok","telephone":"07-07-07-07-07","email":"toto@truc.fr","notes":"presque rien","__v":0,"actif":false}
[2017-03-26 16:09:19.891] [DEBUG] otf_passport - OTF² Passport  login [admin], password: [otf], body [[object Object]]
[2017-03-26 16:09:19.913] [DEBUG] otf_passport - OTF² PASSEPORT _account :  { _id: 543fbd936fae706dd241f2ac,
  titre: 'Mr',
  nom: 'MASCARON',
  prenom: 'Stephane',
  login: 'admin',
  password: 'otf',
  role: 
   { _id: 57601801cbb47caf29000001,
     code: 'admin',
     libelle: 'Administrateur' },
  adresse1: '152 Wireless Road',
  adresse2: '',
  code_postal: '10330',
  ville: 'Bangkok',
  telephone: '07-07-07-07-07',
  email: 'toto@truc.fr',
  notes: 'presque rien',
  __v: 0,
  actif: false }
[2017-03-26 16:09:19.917] [DEBUG] otf_passport - OTF² Passport account find : [{"_id":"543fbd936fae706dd241f2ac","titre":"Mr","nom":"MASCARON","prenom":"Stephane","login":"admin","password":"otf","role":{"_id":"57601801cbb47caf29000001","code":"admin","libelle":"Administrateur"},"adresse1":"152 Wireless Road","adresse2":"","code_postal":"10330","ville":"Bangkok","telephone":"07-07-07-07-07","email":"toto@truc.fr","notes":"presque rien","__v":0,"actif":false}], session id [eqH7VfX9jZkWwovv8Fuswv2v3bCfMdiC]
[2017-03-26 16:09:19.918] [DEBUG] otf_passport - OTF² Passport SerializeUser  account : {"_id":"543fbd936fae706dd241f2ac","titre":"Mr","nom":"MASCARON","prenom":"Stephane","login":"admin","password":"otf","role":{"_id":"57601801cbb47caf29000001","code":"admin","libelle":"Administrateur"},"adresse1":"152 Wireless Road","adresse2":"","code_postal":"10330","ville":"Bangkok","telephone":"07-07-07-07-07","email":"toto@truc.fr","notes":"presque rien","__v":0,"actif":false}
[2017-03-26 16:09:19.992] [DEBUG] otf_passport - OTF² Passport DeserializeUser  account: {"_id":"543fbd936fae706dd241f2ac","titre":"Mr","nom":"MASCARON","prenom":"Stephane","login":"admin","password":"otf","role":{"_id":"57601801cbb47caf29000001","code":"admin","libelle":"Administrateur"},"adresse1":"152 Wireless Road","adresse2":"","code_postal":"10330","ville":"Bangkok","telephone":"07-07-07-07-07","email":"toto@truc.fr","notes":"presque rien","__v":0,"actif":false}
[2017-03-26 16:09:21.713] [DEBUG] otf_passport - OTF² Passport DeserializeUser  account: {"_id":"543fbd936fae706dd241f2ac","titre":"Mr","nom":"MASCARON","prenom":"Stephane","login":"admin","password":"otf","role":{"_id":"57601801cbb47caf29000001","code":"admin","libelle":"Administrateur"},"adresse1":"152 Wireless Road","adresse2":"","code_postal":"10330","ville":"Bangkok","telephone":"07-07-07-07-07","email":"toto@truc.fr","notes":"presque rien","__v":0,"actif":false}
[2017-03-26 16:10:08.916] [DEBUG] otf_passport - OTF² Passport  login [admin], password: [otf], body [[object Object]]
[2017-03-26 16:10:08.938] [DEBUG] otf_passport - OTF² PASSEPORT _account :  { _id: 543fbd936fae706dd241f2ac,
  titre: 'Mr',
  nom: 'MASCARON',
  prenom: 'Stephane',
  login: 'admin',
  password: 'otf',
  role: 
   { _id: 57601801cbb47caf29000001,
     code: 'admin',
     libelle: 'Administrateur' },
  adresse1: '152 Wireless Road',
  adresse2: '',
  code_postal: '10330',
  ville: 'Bangkok',
  telephone: '07-07-07-07-07',
  email: 'toto@truc.fr',
  notes: 'presque rien',
  __v: 0,
  actif: false }
[2017-03-26 16:10:08.940] [DEBUG] otf_passport - OTF² Passport account find : [{"_id":"543fbd936fae706dd241f2ac","titre":"Mr","nom":"MASCARON","prenom":"Stephane","login":"admin","password":"otf","role":{"_id":"57601801cbb47caf29000001","code":"admin","libelle":"Administrateur"},"adresse1":"152 Wireless Road","adresse2":"","code_postal":"10330","ville":"Bangkok","telephone":"07-07-07-07-07","email":"toto@truc.fr","notes":"presque rien","__v":0,"actif":false}], session id [MpVfK_uz_I4cFHXj04LOG3QWpF7nlqal]
[2017-03-26 16:10:08.941] [DEBUG] otf_passport - OTF² Passport SerializeUser  account : {"_id":"543fbd936fae706dd241f2ac","titre":"Mr","nom":"MASCARON","prenom":"Stephane","login":"admin","password":"otf","role":{"_id":"57601801cbb47caf29000001","code":"admin","libelle":"Administrateur"},"adresse1":"152 Wireless Road","adresse2":"","code_postal":"10330","ville":"Bangkok","telephone":"07-07-07-07-07","email":"toto@truc.fr","notes":"presque rien","__v":0,"actif":false}
[2017-03-26 16:10:08.966] [DEBUG] otf_passport - OTF² Passport DeserializeUser  account: {"_id":"543fbd936fae706dd241f2ac","titre":"Mr","nom":"MASCARON","prenom":"Stephane","login":"admin","password":"otf","role":{"_id":"57601801cbb47caf29000001","code":"admin","libelle":"Administrateur"},"adresse1":"152 Wireless Road","adresse2":"","code_postal":"10330","ville":"Bangkok","telephone":"07-07-07-07-07","email":"toto@truc.fr","notes":"presque rien","__v":0,"actif":false}
[2017-03-26 16:10:10.701] [DEBUG] otf_passport - OTF² Passport DeserializeUser  account: {"_id":"543fbd936fae706dd241f2ac","titre":"Mr","nom":"MASCARON","prenom":"Stephane","login":"admin","password":"otf","role":{"_id":"57601801cbb47caf29000001","code":"admin","libelle":"Administrateur"},"adresse1":"152 Wireless Road","adresse2":"","code_postal":"10330","ville":"Bangkok","telephone":"07-07-07-07-07","email":"toto@truc.fr","notes":"presque rien","__v":0,"actif":false}
[2017-03-26 16:10:17.686] [DEBUG] otf_passport - OTF² Passport DeserializeUser  account: {"_id":"543fbd936fae706dd241f2ac","titre":"Mr","nom":"MASCARON","prenom":"Stephane","login":"admin","password":"otf","role":{"_id":"57601801cbb47caf29000001","code":"admin","libelle":"Administrateur"},"adresse1":"152 Wireless Road","adresse2":"","code_postal":"10330","ville":"Bangkok","telephone":"07-07-07-07-07","email":"toto@truc.fr","notes":"presque rien","__v":0,"actif":false}
[2017-03-26 16:10:17.704] [DEBUG] otf_passport - OTF² Passport DeserializeUser  account: {"_id":"543fbd936fae706dd241f2ac","titre":"Mr","nom":"MASCARON","prenom":"Stephane","login":"admin","password":"otf","role":{"_id":"57601801cbb47caf29000001","code":"admin","libelle":"Administrateur"},"adresse1":"152 Wireless Road","adresse2":"","code_postal":"10330","ville":"Bangkok","telephone":"07-07-07-07-07","email":"toto@truc.fr","notes":"presque rien","__v":0,"actif":false}
[2017-03-26 16:12:22.702] [DEBUG] otf_passport - OTF² Passport  login [admin], password: [otf], body [[object Object]]
[2017-03-26 16:12:22.722] [DEBUG] otf_passport - OTF² PASSEPORT _account :  { _id: 543fbd936fae706dd241f2ac,
  titre: 'Mr',
  nom: 'MASCARON',
  prenom: 'Stephane',
  login: 'admin',
  password: 'otf',
  role: 
   { _id: 57601801cbb47caf29000001,
     code: 'admin',
     libelle: 'Administrateur' },
  adresse1: '152 Wireless Road',
  adresse2: '',
  code_postal: '10330',
  ville: 'Bangkok',
  telephone: '07-07-07-07-07',
  email: 'toto@truc.fr',
  notes: 'presque rien',
  __v: 0,
  actif: false }
[2017-03-26 16:12:22.724] [DEBUG] otf_passport - OTF² Passport account find : [{"_id":"543fbd936fae706dd241f2ac","titre":"Mr","nom":"MASCARON","prenom":"Stephane","login":"admin","password":"otf","role":{"_id":"57601801cbb47caf29000001","code":"admin","libelle":"Administrateur"},"adresse1":"152 Wireless Road","adresse2":"","code_postal":"10330","ville":"Bangkok","telephone":"07-07-07-07-07","email":"toto@truc.fr","notes":"presque rien","__v":0,"actif":false}], session id [5ID0s7mFd6mEwUnvNRkSXYrMNQrhwW8L]
[2017-03-26 16:12:22.726] [DEBUG] otf_passport - OTF² Passport SerializeUser  account : {"_id":"543fbd936fae706dd241f2ac","titre":"Mr","nom":"MASCARON","prenom":"Stephane","login":"admin","password":"otf","role":{"_id":"57601801cbb47caf29000001","code":"admin","libelle":"Administrateur"},"adresse1":"152 Wireless Road","adresse2":"","code_postal":"10330","ville":"Bangkok","telephone":"07-07-07-07-07","email":"toto@truc.fr","notes":"presque rien","__v":0,"actif":false}
[2017-03-26 16:12:22.753] [DEBUG] otf_passport - OTF² Passport DeserializeUser  account: {"_id":"543fbd936fae706dd241f2ac","titre":"Mr","nom":"MASCARON","prenom":"Stephane","login":"admin","password":"otf","role":{"_id":"57601801cbb47caf29000001","code":"admin","libelle":"Administrateur"},"adresse1":"152 Wireless Road","adresse2":"","code_postal":"10330","ville":"Bangkok","telephone":"07-07-07-07-07","email":"toto@truc.fr","notes":"presque rien","__v":0,"actif":false}
[2017-03-26 16:12:24.068] [DEBUG] otf_passport - OTF² Passport DeserializeUser  account: {"_id":"543fbd936fae706dd241f2ac","titre":"Mr","nom":"MASCARON","prenom":"Stephane","login":"admin","password":"otf","role":{"_id":"57601801cbb47caf29000001","code":"admin","libelle":"Administrateur"},"adresse1":"152 Wireless Road","adresse2":"","code_postal":"10330","ville":"Bangkok","telephone":"07-07-07-07-07","email":"toto@truc.fr","notes":"presque rien","__v":0,"actif":false}
[2017-03-26 16:12:34.114] [DEBUG] otf_passport - OTF² Passport DeserializeUser  account: {"_id":"543fbd936fae706dd241f2ac","titre":"Mr","nom":"MASCARON","prenom":"Stephane","login":"admin","password":"otf","role":{"_id":"57601801cbb47caf29000001","code":"admin","libelle":"Administrateur"},"adresse1":"152 Wireless Road","adresse2":"","code_postal":"10330","ville":"Bangkok","telephone":"07-07-07-07-07","email":"toto@truc.fr","notes":"presque rien","__v":0,"actif":false}
[2017-03-26 16:12:34.133] [DEBUG] otf_passport - OTF² Passport DeserializeUser  account: {"_id":"543fbd936fae706dd241f2ac","titre":"Mr","nom":"MASCARON","prenom":"Stephane","login":"admin","password":"otf","role":{"_id":"57601801cbb47caf29000001","code":"admin","libelle":"Administrateur"},"adresse1":"152 Wireless Road","adresse2":"","code_postal":"10330","ville":"Bangkok","telephone":"07-07-07-07-07","email":"toto@truc.fr","notes":"presque rien","__v":0,"actif":false}
[2017-03-26 16:15:09.107] [DEBUG] otf_passport - OTF² Passport  login [admin], password: [otf], body [[object Object]]
[2017-03-26 16:15:09.129] [DEBUG] otf_passport - OTF² PASSEPORT _account :  { _id: 543fbd936fae706dd241f2ac,
  titre: 'Mr',
  nom: 'MASCARON',
  prenom: 'Stephane',
  login: 'admin',
  password: 'otf',
  role: 
   { _id: 57601801cbb47caf29000001,
     code: 'admin',
     libelle: 'Administrateur' },
  adresse1: '152 Wireless Road',
  adresse2: '',
  code_postal: '10330',
  ville: 'Bangkok',
  telephone: '07-07-07-07-07',
  email: 'toto@truc.com',
  notes: 'presque rien',
  __v: 0,
  actif: false }
[2017-03-26 16:15:09.131] [DEBUG] otf_passport - OTF² Passport account find : [{"_id":"543fbd936fae706dd241f2ac","titre":"Mr","nom":"MASCARON","prenom":"Stephane","login":"admin","password":"otf","role":{"_id":"57601801cbb47caf29000001","code":"admin","libelle":"Administrateur"},"adresse1":"152 Wireless Road","adresse2":"","code_postal":"10330","ville":"Bangkok","telephone":"07-07-07-07-07","email":"toto@truc.com","notes":"presque rien","__v":0,"actif":false}], session id [Q0gTYY-nBqKqHGLeE-5ljNFi1jRoQCpK]
[2017-03-26 16:15:09.132] [DEBUG] otf_passport - OTF² Passport SerializeUser  account : {"_id":"543fbd936fae706dd241f2ac","titre":"Mr","nom":"MASCARON","prenom":"Stephane","login":"admin","password":"otf","role":{"_id":"57601801cbb47caf29000001","code":"admin","libelle":"Administrateur"},"adresse1":"152 Wireless Road","adresse2":"","code_postal":"10330","ville":"Bangkok","telephone":"07-07-07-07-07","email":"toto@truc.com","notes":"presque rien","__v":0,"actif":false}
[2017-03-26 16:15:09.159] [DEBUG] otf_passport - OTF² Passport DeserializeUser  account: {"_id":"543fbd936fae706dd241f2ac","titre":"Mr","nom":"MASCARON","prenom":"Stephane","login":"admin","password":"otf","role":{"_id":"57601801cbb47caf29000001","code":"admin","libelle":"Administrateur"},"adresse1":"152 Wireless Road","adresse2":"","code_postal":"10330","ville":"Bangkok","telephone":"07-07-07-07-07","email":"toto@truc.com","notes":"presque rien","__v":0,"actif":false}
[2017-03-26 16:15:10.310] [DEBUG] otf_passport - OTF² Passport DeserializeUser  account: {"_id":"543fbd936fae706dd241f2ac","titre":"Mr","nom":"MASCARON","prenom":"Stephane","login":"admin","password":"otf","role":{"_id":"57601801cbb47caf29000001","code":"admin","libelle":"Administrateur"},"adresse1":"152 Wireless Road","adresse2":"","code_postal":"10330","ville":"Bangkok","telephone":"07-07-07-07-07","email":"toto@truc.com","notes":"presque rien","__v":0,"actif":false}
[2017-03-26 16:15:18.433] [DEBUG] otf_passport - OTF² Passport DeserializeUser  account: {"_id":"543fbd936fae706dd241f2ac","titre":"Mr","nom":"MASCARON","prenom":"Stephane","login":"admin","password":"otf","role":{"_id":"57601801cbb47caf29000001","code":"admin","libelle":"Administrateur"},"adresse1":"152 Wireless Road","adresse2":"","code_postal":"10330","ville":"Bangkok","telephone":"07-07-07-07-07","email":"toto@truc.com","notes":"presque rien","__v":0,"actif":false}
[2017-03-26 16:15:18.458] [DEBUG] otf_passport - OTF² Passport DeserializeUser  account: {"_id":"543fbd936fae706dd241f2ac","titre":"Mr","nom":"MASCARON","prenom":"Stephane","login":"admin","password":"otf","role":{"_id":"57601801cbb47caf29000001","code":"admin","libelle":"Administrateur"},"adresse1":"152 Wireless Road","adresse2":"","code_postal":"10330","ville":"Bangkok","telephone":"07-07-07-07-07","email":"toto@truc.com","notes":"presque rien","__v":0,"actif":false}
[2017-03-26 16:15:22.739] [DEBUG] otf_passport - OTF² Passport DeserializeUser  account: {"_id":"543fbd936fae706dd241f2ac","titre":"Mr","nom":"MASCARON","prenom":"Stephane","login":"admin","password":"otf","role":{"_id":"57601801cbb47caf29000001","code":"admin","libelle":"Administrateur"},"adresse1":"152 Wireless Road","adresse2":"","code_postal":"10330","ville":"Bangkok","telephone":"07-07-07-07-07","email":"toto@truc.com","notes":"presque rien","__v":0,"actif":false}
[2017-03-26 16:17:55.196] [DEBUG] otf_passport - OTF² Passport DeserializeUser  account: {"_id":"543fbd936fae706dd241f2ac","titre":"Mr","nom":"MASCARON","prenom":"Stephane","login":"admin","password":"otf","role":{"_id":"57601801cbb47caf29000001","code":"admin","libelle":"Administrateur"},"adresse1":"152 Wireless Road","adresse2":"","code_postal":"10330","ville":"Bangkok","telephone":"07-07-07-07-07","email":"toto@truc.com","notes":"presque rien","__v":0,"actif":false}
[2017-03-26 16:18:50.096] [DEBUG] otf_passport - OTF² Passport DeserializeUser  account: {"_id":"543fbd936fae706dd241f2ac","titre":"Mr","nom":"MASCARON","prenom":"Stephane","login":"admin","password":"otf","role":{"_id":"57601801cbb47caf29000001","code":"admin","libelle":"Administrateur"},"adresse1":"152 Wireless Road","adresse2":"","code_postal":"10330","ville":"Bangkok","telephone":"07-07-07-07-07","email":"toto@truc.com","notes":"presque rien","__v":0,"actif":false}
[2017-03-26 16:18:51.787] [DEBUG] otf_passport - OTF² Passport DeserializeUser  account: {"_id":"543fbd936fae706dd241f2ac","titre":"Mr","nom":"MASCARON","prenom":"Stephane","login":"admin","password":"otf","role":{"_id":"57601801cbb47caf29000001","code":"admin","libelle":"Administrateur"},"adresse1":"152 Wireless Road","adresse2":"","code_postal":"10330","ville":"Bangkok","telephone":"07-07-07-07-07","email":"toto@truc.com","notes":"presque rien","__v":0,"actif":false}
[2017-03-26 16:19:19.838] [DEBUG] otf_passport - OTF² Passport DeserializeUser  account: {"_id":"543fbd936fae706dd241f2ac","titre":"Mr","nom":"MASCARON","prenom":"Stephane","login":"admin","password":"otf","role":{"_id":"57601801cbb47caf29000001","code":"admin","libelle":"Administrateur"},"adresse1":"152 Wireless Road","adresse2":"","code_postal":"10330","ville":"Bangkok","telephone":"07-07-07-07-07","email":"toto@truc.com","notes":"presque rien","__v":0,"actif":false}
[2017-03-26 16:19:23.140] [DEBUG] otf_passport - OTF² Passport DeserializeUser  account: {"_id":"543fbd936fae706dd241f2ac","titre":"Mr","nom":"MASCARON","prenom":"Stephane","login":"admin","password":"otf","role":{"_id":"57601801cbb47caf29000001","code":"admin","libelle":"Administrateur"},"adresse1":"152 Wireless Road","adresse2":"","code_postal":"10330","ville":"Bangkok","telephone":"07-07-07-07-07","email":"toto@truc.com","notes":"presque rien","__v":0,"actif":false}
[2017-03-26 16:19:24.440] [DEBUG] otf_passport - OTF² Passport DeserializeUser  account: {"_id":"543fbd936fae706dd241f2ac","titre":"Mr","nom":"MASCARON","prenom":"Stephane","login":"admin","password":"otf","role":{"_id":"57601801cbb47caf29000001","code":"admin","libelle":"Administrateur"},"adresse1":"152 Wireless Road","adresse2":"","code_postal":"10330","ville":"Bangkok","telephone":"07-07-07-07-07","email":"toto@truc.com","notes":"presque rien","__v":0,"actif":false}
[2017-03-26 16:19:43.839] [DEBUG] otf_passport - OTF² Passport DeserializeUser  account: {"_id":"543fbd936fae706dd241f2ac","titre":"Mr","nom":"MASCARON","prenom":"Stephane","login":"admin","password":"otf","role":{"_id":"57601801cbb47caf29000001","code":"admin","libelle":"Administrateur"},"adresse1":"152 Wireless Road","adresse2":"","code_postal":"10330","ville":"Bangkok","telephone":"07-07-07-07-07","email":"toto@truc.com","notes":"presque rien","__v":0,"actif":false}
[2017-03-26 16:20:08.131] [DEBUG] otf_passport - OTF² Passport DeserializeUser  account: {"_id":"543fbd936fae706dd241f2ac","titre":"Mr","nom":"MASCARON","prenom":"Stephane","login":"admin","password":"otf","role":{"_id":"57601801cbb47caf29000001","code":"admin","libelle":"Administrateur"},"adresse1":"152 Wireless Road","adresse2":"","code_postal":"10330","ville":"Bangkok","telephone":"07-07-07-07-07","email":"toto@truc.com","notes":"presque rien","__v":0,"actif":false}
[2017-03-26 16:20:38.318] [DEBUG] otf_passport - OTF² Passport DeserializeUser  account: {"_id":"543fbd936fae706dd241f2ac","titre":"Mr","nom":"MASCARON","prenom":"Stephane","login":"admin","password":"otf","role":{"_id":"57601801cbb47caf29000001","code":"admin","libelle":"Administrateur"},"adresse1":"152 Wireless Road","adresse2":"","code_postal":"10330","ville":"Bangkok","telephone":"07-07-07-07-07","email":"toto@truc.com","notes":"presque rien","__v":0,"actif":false}
[2017-03-26 16:20:38.330] [DEBUG] otf_passport - OTF² Passport DeserializeUser  account: {"_id":"543fbd936fae706dd241f2ac","titre":"Mr","nom":"MASCARON","prenom":"Stephane","login":"admin","password":"otf","role":{"_id":"57601801cbb47caf29000001","code":"admin","libelle":"Administrateur"},"adresse1":"152 Wireless Road","adresse2":"","code_postal":"10330","ville":"Bangkok","telephone":"07-07-07-07-07","email":"toto@truc.com","notes":"presque rien","__v":0,"actif":false}
[2017-03-26 16:20:58.392] [DEBUG] otf_passport - OTF² Passport DeserializeUser  account: {"_id":"543fbd936fae706dd241f2ac","titre":"Mr","nom":"MASCARON","prenom":"Stephane","login":"admin","password":"otf","role":{"_id":"57601801cbb47caf29000001","code":"admin","libelle":"Administrateur"},"adresse1":"152 Wireless Road","adresse2":"","code_postal":"10330","ville":"Bangkok","telephone":"07-07-07-07-07","email":"toto@truc.com","notes":"presque rien","__v":0,"actif":false}
[2017-03-26 16:21:16.067] [DEBUG] otf_passport - OTF² Passport DeserializeUser  account: {"_id":"543fbd936fae706dd241f2ac","titre":"Mr","nom":"MASCARON","prenom":"Stephane","login":"admin","password":"otf","role":{"_id":"57601801cbb47caf29000001","code":"admin","libelle":"Administrateur"},"adresse1":"152 Wireless Road","adresse2":"","code_postal":"10330","ville":"Bangkok","telephone":"07-07-07-07-07","email":"toto@truc.com","notes":"presque rien","__v":0,"actif":false}
[2017-03-26 16:21:16.076] [DEBUG] otf_passport - OTF² Passport DeserializeUser  account: {"_id":"543fbd936fae706dd241f2ac","titre":"Mr","nom":"MASCARON","prenom":"Stephane","login":"admin","password":"otf","role":{"_id":"57601801cbb47caf29000001","code":"admin","libelle":"Administrateur"},"adresse1":"152 Wireless Road","adresse2":"","code_postal":"10330","ville":"Bangkok","telephone":"07-07-07-07-07","email":"toto@truc.com","notes":"presque rien","__v":0,"actif":false}
[2017-03-26 16:21:19.873] [DEBUG] otf_passport - OTF² Passport DeserializeUser  account: {"_id":"543fbd936fae706dd241f2ac","titre":"Mr","nom":"MASCARON","prenom":"Stephane","login":"admin","password":"otf","role":{"_id":"57601801cbb47caf29000001","code":"admin","libelle":"Administrateur"},"adresse1":"152 Wireless Road","adresse2":"","code_postal":"10330","ville":"Bangkok","telephone":"07-07-07-07-07","email":"toto@truc.com","notes":"presque rien","__v":0,"actif":false}
[2017-03-26 16:21:20.395] [DEBUG] otf_passport - OTF² Passport DeserializeUser  account: {"_id":"543fbd936fae706dd241f2ac","titre":"Mr","nom":"MASCARON","prenom":"Stephane","login":"admin","password":"otf","role":{"_id":"57601801cbb47caf29000001","code":"admin","libelle":"Administrateur"},"adresse1":"152 Wireless Road","adresse2":"","code_postal":"10330","ville":"Bangkok","telephone":"07-07-07-07-07","email":"toto@truc.com","notes":"presque rien","__v":0,"actif":false}
[2017-03-26 16:21:22.988] [DEBUG] otf_passport - OTF² Passport DeserializeUser  account: {"_id":"543fbd936fae706dd241f2ac","titre":"Mr","nom":"MASCARON","prenom":"Stephane","login":"admin","password":"otf","role":{"_id":"57601801cbb47caf29000001","code":"admin","libelle":"Administrateur"},"adresse1":"152 Wireless Road","adresse2":"","code_postal":"10330","ville":"Bangkok","telephone":"07-07-07-07-07","email":"toto@truc.com","notes":"presque rien","__v":0,"actif":false}
[2017-03-26 16:21:49.682] [DEBUG] otf_passport - OTF² Passport DeserializeUser  account: {"_id":"543fbd936fae706dd241f2ac","titre":"Mr","nom":"MASCARON","prenom":"Stephane","login":"admin","password":"otf","role":{"_id":"57601801cbb47caf29000001","code":"admin","libelle":"Administrateur"},"adresse1":"152 Wireless Road","adresse2":"","code_postal":"10330","ville":"Bangkok","telephone":"07-07-07-07-07","email":"toto@truc.com","notes":"presque rien","__v":0,"actif":false}
[2017-03-26 16:21:49.691] [DEBUG] otf_passport - OTF² Passport DeserializeUser  account: {"_id":"543fbd936fae706dd241f2ac","titre":"Mr","nom":"MASCARON","prenom":"Stephane","login":"admin","password":"otf","role":{"_id":"57601801cbb47caf29000001","code":"admin","libelle":"Administrateur"},"adresse1":"152 Wireless Road","adresse2":"","code_postal":"10330","ville":"Bangkok","telephone":"07-07-07-07-07","email":"toto@truc.com","notes":"presque rien","__v":0,"actif":false}
[2017-03-26 16:21:52.912] [DEBUG] otf_passport - OTF² Passport DeserializeUser  account: {"_id":"543fbd936fae706dd241f2ac","titre":"Mr","nom":"MASCARON","prenom":"Stephane","login":"admin","password":"otf","role":{"_id":"57601801cbb47caf29000001","code":"admin","libelle":"Administrateur"},"adresse1":"152 Wireless Road","adresse2":"","code_postal":"10330","ville":"Bangkok","telephone":"07-07-07-07-07","email":"toto@truc.com","notes":"presque rien","__v":0,"actif":false}
[2017-03-26 16:21:53.494] [DEBUG] otf_passport - OTF² Passport DeserializeUser  account: {"_id":"543fbd936fae706dd241f2ac","titre":"Mr","nom":"MASCARON","prenom":"Stephane","login":"admin","password":"otf","role":{"_id":"57601801cbb47caf29000001","code":"admin","libelle":"Administrateur"},"adresse1":"152 Wireless Road","adresse2":"","code_postal":"10330","ville":"Bangkok","telephone":"07-07-07-07-07","email":"toto@truc.com","notes":"presque rien","__v":0,"actif":false}
[2017-03-26 16:21:55.492] [DEBUG] otf_passport - OTF² Passport DeserializeUser  account: {"_id":"543fbd936fae706dd241f2ac","titre":"Mr","nom":"MASCARON","prenom":"Stephane","login":"admin","password":"otf","role":{"_id":"57601801cbb47caf29000001","code":"admin","libelle":"Administrateur"},"adresse1":"152 Wireless Road","adresse2":"","code_postal":"10330","ville":"Bangkok","telephone":"07-07-07-07-07","email":"toto@truc.com","notes":"presque rien","__v":0,"actif":false}
[2017-03-26 16:22:03.321] [DEBUG] otf_passport - OTF² Passport DeserializeUser  account: {"_id":"543fbd936fae706dd241f2ac","titre":"Mr","nom":"MASCARON","prenom":"Stephane","login":"admin","password":"otf","role":{"_id":"57601801cbb47caf29000001","code":"admin","libelle":"Administrateur"},"adresse1":"152 Wireless Road","adresse2":"","code_postal":"10330","ville":"Bangkok","telephone":"07-07-07-07-07","email":"toto@truc.com","notes":"presque rien","__v":0,"actif":false}
[2017-03-26 16:22:03.349] [DEBUG] otf_passport - OTF² Passport DeserializeUser  account: {"_id":"543fbd936fae706dd241f2ac","titre":"Mr","nom":"MASCARON","prenom":"Stephane","login":"admin","password":"otf","role":{"_id":"57601801cbb47caf29000001","code":"admin","libelle":"Administrateur"},"adresse1":"152 Wireless Road","adresse2":"","code_postal":"10330","ville":"Bangkok","telephone":"07-07-07-07-07","email":"toto@truc.com","notes":"presque rien","__v":0,"actif":false}
